2025.01.24 12:45:12 INFO  Started: Metals version 1.5.0 in folders 'C:\Users\aadarsh\Documents\project\Big Data Training\SparkWithScala-By-Phillip-Brunenberg\SwS-Course' for client Visual Studio Code 1.96.4.
2025.01.24 12:45:13 INFO  no build target found for C:\Users\aadarsh\Documents\project\Big Data Training\SparkWithScala-By-Phillip-Brunenberg\SwS-Course\src\main\scala\Main.scala. Using presentation compiler with project's scala-library version: 3.3.4
2025.01.24 12:45:38 INFO  no build target found for C:\Users\aadarsh\Documents\project\Big Data Training\SparkWithScala-By-Phillip-Brunenberg\SwS-Course\src\main\scala\Main.scala. Using presentation compiler with project's scala-library version: 3.3.4
2025.01.24 12:45:38 WARN  no build target for: C:\Users\aadarsh\Documents\project\Big Data Training\SparkWithScala-By-Phillip-Brunenberg\SwS-Course\src\main\scala\Main.scala
2025.01.24 12:45:38 INFO  no build target found for C:\Users\aadarsh\Documents\project\Big Data Training\SparkWithScala-By-Phillip-Brunenberg\SwS-Course\src\main\scala\Main.scala. Using presentation compiler with project's scala-library version: 3.3.4
2025.01.24 12:45:38 INFO  no build target found for C:\Users\aadarsh\Documents\project\Big Data Training\SparkWithScala-By-Phillip-Brunenberg\SwS-Course\src\main\scala\Main.scala. Using presentation compiler with project's scala-library version: 3.3.4
2025.01.24 12:45:38 INFO  no build target found for C:\Users\aadarsh\Documents\project\Big Data Training\SparkWithScala-By-Phillip-Brunenberg\SwS-Course\src\main\scala\Main.scala. Using presentation compiler with project's scala-library version: 3.3.4
Jan 24, 2025 12:45:38 PM org.eclipse.lsp4j.jsonrpc.RemoteEndpoint handleCancellation
WARNING: Unmatched cancel notification for request id 8
2025.01.24 12:45:38 INFO  no build target found for C:\Users\aadarsh\Documents\project\Big Data Training\SparkWithScala-By-Phillip-Brunenberg\SwS-Course\src\main\scala\Main.scala. Using presentation compiler with project's scala-library version: 3.3.4
2025.01.24 12:45:38 INFO  no build target found for C:\Users\aadarsh\Documents\project\Big Data Training\SparkWithScala-By-Phillip-Brunenberg\SwS-Course\src\main\scala\Main.scala. Using presentation compiler with project's scala-library version: 3.3.4
2025.01.24 12:45:38 INFO  no build target found for C:\Users\aadarsh\Documents\project\Big Data Training\SparkWithScala-By-Phillip-Brunenberg\SwS-Course\src\main\scala\Main.scala. Using presentation compiler with project's scala-library version: 3.3.4
2025.01.24 12:45:38 INFO  no build target found for C:\Users\aadarsh\Documents\project\Big Data Training\SparkWithScala-By-Phillip-Brunenberg\SwS-Course\src\main\scala\Main.scala. Using presentation compiler with project's scala-library version: 3.3.4
2025.01.24 12:45:38 INFO  no build target found for C:\Users\aadarsh\Documents\project\Big Data Training\SparkWithScala-By-Phillip-Brunenberg\SwS-Course\src\main\scala\Main.scala. Using presentation compiler with project's scala-library version: 3.3.4
2025.01.24 12:45:38 INFO  no build target found for C:\Users\aadarsh\Documents\project\Big Data Training\SparkWithScala-By-Phillip-Brunenberg\SwS-Course\src\main\scala\Main.scala. Using presentation compiler with project's scala-library version: 3.3.4
2025.01.24 12:45:38 INFO  no build target found for C:\Users\aadarsh\Documents\project\Big Data Training\SparkWithScala-By-Phillip-Brunenberg\SwS-Course\src\main\scala\Main.scala. Using presentation compiler with project's scala-library version: 3.3.4
2025.01.24 12:45:38 INFO  no build target found for C:\Users\aadarsh\Documents\project\Big Data Training\SparkWithScala-By-Phillip-Brunenberg\SwS-Course\src\main\scala\Main.scala. Using presentation compiler with project's scala-library version: 3.3.4
2025.01.24 12:45:38 INFO  no build target found for C:\Users\aadarsh\Documents\project\Big Data Training\SparkWithScala-By-Phillip-Brunenberg\SwS-Course\src\main\scala\Main.scala. Using presentation compiler with project's scala-library version: 3.3.4
2025.01.24 12:45:38 INFO  no build target found for C:\Users\aadarsh\Documents\project\Big Data Training\SparkWithScala-By-Phillip-Brunenberg\SwS-Course\src\main\scala\Main.scala. Using presentation compiler with project's scala-library version: 3.3.4
2025.01.24 12:45:38 INFO  no build target found for C:\Users\aadarsh\Documents\project\Big Data Training\SparkWithScala-By-Phillip-Brunenberg\SwS-Course\src\main\scala\Main.scala. Using presentation compiler with project's scala-library version: 3.3.4
2025.01.24 12:45:38 INFO  no build target found for C:\Users\aadarsh\Documents\project\Big Data Training\SparkWithScala-By-Phillip-Brunenberg\SwS-Course\src\main\scala\Main.scala. Using presentation compiler with project's scala-library version: 3.3.4
2025.01.24 12:45:39 INFO  no build target found for C:\Users\aadarsh\Documents\project\Big Data Training\SparkWithScala-By-Phillip-Brunenberg\SwS-Course\src\main\scala\Main.scala. Using presentation compiler with project's scala-library version: 3.3.4
2025.01.24 12:45:39 INFO  no build target found for C:\Users\aadarsh\Documents\project\Big Data Training\SparkWithScala-By-Phillip-Brunenberg\SwS-Course\src\main\scala\Main.scala. Using presentation compiler with project's scala-library version: 3.3.4
2025.01.24 12:45:39 INFO  no build target found for C:\Users\aadarsh\Documents\project\Big Data Training\SparkWithScala-By-Phillip-Brunenberg\SwS-Course\src\main\scala\Main.scala. Using presentation compiler with project's scala-library version: 3.3.4
2025.01.24 12:45:39 INFO  no build target found for C:\Users\aadarsh\Documents\project\Big Data Training\SparkWithScala-By-Phillip-Brunenberg\SwS-Course\src\main\scala\Main.scala. Using presentation compiler with project's scala-library version: 3.3.4
2025.01.24 12:45:39 INFO  no build target found for C:\Users\aadarsh\Documents\project\Big Data Training\SparkWithScala-By-Phillip-Brunenberg\SwS-Course\src\main\scala\Main.scala. Using presentation compiler with project's scala-library version: 3.3.4
2025.01.24 12:45:39 INFO  no build target found for C:\Users\aadarsh\Documents\project\Big Data Training\SparkWithScala-By-Phillip-Brunenberg\SwS-Course\src\main\scala\Main.scala. Using presentation compiler with project's scala-library version: 3.3.4
2025.01.24 12:45:39 INFO  no build target found for C:\Users\aadarsh\Documents\project\Big Data Training\SparkWithScala-By-Phillip-Brunenberg\SwS-Course\src\main\scala\Main.scala. Using presentation compiler with project's scala-library version: 3.3.4
2025.01.24 12:45:39 INFO  no build target found for C:\Users\aadarsh\Documents\project\Big Data Training\SparkWithScala-By-Phillip-Brunenberg\SwS-Course\src\main\scala\Main.scala. Using presentation compiler with project's scala-library version: 3.3.4
Jan 24, 2025 12:45:40 PM org.eclipse.lsp4j.jsonrpc.RemoteEndpoint handleCancellation
WARNING: Unmatched cancel notification for request id 43
2025.01.24 12:45:39 INFO  no build target found for C:\Users\aadarsh\Documents\project\Big Data Training\SparkWithScala-By-Phillip-Brunenberg\SwS-Course\src\main\scala\Main.scala. Using presentation compiler with project's scala-library version: 3.3.4
2025.01.24 12:45:39 INFO  no build target found for C:\Users\aadarsh\Documents\project\Big Data Training\SparkWithScala-By-Phillip-Brunenberg\SwS-Course\src\main\scala\Main.scala. Using presentation compiler with project's scala-library version: 3.3.4
2025.01.24 12:45:39 INFO  no build target found for C:\Users\aadarsh\Documents\project\Big Data Training\SparkWithScala-By-Phillip-Brunenberg\SwS-Course\src\main\scala\Main.scala. Using presentation compiler with project's scala-library version: 3.3.4
2025.01.24 12:45:39 INFO  no build target found for C:\Users\aadarsh\Documents\project\Big Data Training\SparkWithScala-By-Phillip-Brunenberg\SwS-Course\src\main\scala\Main.scala. Using presentation compiler with project's scala-library version: 3.3.4
2025.01.24 12:45:40 INFO  no build target found for C:\Users\aadarsh\Documents\project\Big Data Training\SparkWithScala-By-Phillip-Brunenberg\SwS-Course\src\main\scala\Main.scala. Using presentation compiler with project's scala-library version: 3.3.4
2025.01.24 12:45:40 INFO  no build target found for C:\Users\aadarsh\Documents\project\Big Data Training\SparkWithScala-By-Phillip-Brunenberg\SwS-Course\src\main\scala\Main.scala. Using presentation compiler with project's scala-library version: 3.3.4
2025.01.24 12:45:40 INFO  no build target found for C:\Users\aadarsh\Documents\project\Big Data Training\SparkWithScala-By-Phillip-Brunenberg\SwS-Course\src\main\scala\Main.scala. Using presentation compiler with project's scala-library version: 3.3.4
2025.01.24 12:45:43 INFO  no build target found for C:\Users\aadarsh\Documents\project\Big Data Training\SparkWithScala-By-Phillip-Brunenberg\SwS-Course\src\main\scala\Main.scala. Using presentation compiler with project's scala-library version: 3.3.4
2025.01.24 12:45:43 INFO  no build target found for C:\Users\aadarsh\Documents\project\Big Data Training\SparkWithScala-By-Phillip-Brunenberg\SwS-Course\src\main\scala\Main.scala. Using presentation compiler with project's scala-library version: 3.3.4
2025.01.24 12:45:43 INFO  no build target found for C:\Users\aadarsh\Documents\project\Big Data Training\SparkWithScala-By-Phillip-Brunenberg\SwS-Course\src\main\scala\Main.scala. Using presentation compiler with project's scala-library version: 3.3.4
2025.01.24 12:45:43 INFO  no build target found for C:\Users\aadarsh\Documents\project\Big Data Training\SparkWithScala-By-Phillip-Brunenberg\SwS-Course\src\main\scala\Main.scala. Using presentation compiler with project's scala-library version: 3.3.4
Jan 24, 2025 12:45:43 PM org.eclipse.lsp4j.jsonrpc.RemoteEndpoint handleCancellation
WARNING: Unmatched cancel notification for request id 55
2025.01.24 12:45:43 INFO  no build target found for C:\Users\aadarsh\Documents\project\Big Data Training\SparkWithScala-By-Phillip-Brunenberg\SwS-Course\src\main\scala\Main.scala. Using presentation compiler with project's scala-library version: 3.3.4
2025.01.24 12:45:43 INFO  no build target found for C:\Users\aadarsh\Documents\project\Big Data Training\SparkWithScala-By-Phillip-Brunenberg\SwS-Course\src\main\scala\Main.scala. Using presentation compiler with project's scala-library version: 3.3.4
2025.01.24 12:45:43 INFO  no build target found for C:\Users\aadarsh\Documents\project\Big Data Training\SparkWithScala-By-Phillip-Brunenberg\SwS-Course\src\main\scala\Main.scala. Using presentation compiler with project's scala-library version: 3.3.4
2025.01.24 12:45:43 INFO  no build target found for C:\Users\aadarsh\Documents\project\Big Data Training\SparkWithScala-By-Phillip-Brunenberg\SwS-Course\src\main\scala\Main.scala. Using presentation compiler with project's scala-library version: 3.3.4
Downloading https://repo1.maven.org/maven2/org/scalameta/scalafmt-core_2.13/3.7.15/scalafmt-core_2.13-3.7.15.pom
Downloading https://repo1.maven.org/maven2/org/scala-lang/scala-reflect/2.13.11/scala-reflect-2.13.11.pom
Downloaded https://repo1.maven.org/maven2/org/scala-lang/scala-reflect/2.13.11/scala-reflect-2.13.11.pom
Downloaded https://repo1.maven.org/maven2/org/scalameta/scalafmt-core_2.13/3.7.15/scalafmt-core_2.13-3.7.15.pom
Downloading https://repo1.maven.org/maven2/org/scalameta/scalafmt-sysops_2.13/3.7.15/scalafmt-sysops_2.13-3.7.15.pom
Downloading https://repo1.maven.org/maven2/org/scalameta/scalameta_2.13/4.8.12/scalameta_2.13-4.8.12.pom
Downloading https://repo1.maven.org/maven2/org/scala-lang/scala-library/2.13.11/scala-library-2.13.11.pom
Downloading https://repo1.maven.org/maven2/org/scalameta/scalafmt-config_2.13/3.7.15/scalafmt-config_2.13-3.7.15.pom
Downloaded https://repo1.maven.org/maven2/org/scalameta/scalafmt-config_2.13/3.7.15/scalafmt-config_2.13-3.7.15.pom
Downloaded https://repo1.maven.org/maven2/org/scalameta/scalafmt-sysops_2.13/3.7.15/scalafmt-sysops_2.13-3.7.15.pom
Downloaded https://repo1.maven.org/maven2/org/scalameta/scalameta_2.13/4.8.12/scalameta_2.13-4.8.12.pom
Downloaded https://repo1.maven.org/maven2/org/scala-lang/scala-library/2.13.11/scala-library-2.13.11.pom
Downloading https://repo1.maven.org/maven2/org/scala-lang/scala-library/2.13.12/scala-library-2.13.12.pom
Downloading https://repo1.maven.org/maven2/com/geirsson/metaconfig-typesafe-config_2.13/0.12.0/metaconfig-typesafe-config_2.13-0.12.0.pom
Downloading https://repo1.maven.org/maven2/org/scalameta/parsers_2.13/4.8.12/parsers_2.13-4.8.12.pom
Downloading https://repo1.maven.org/maven2/com/geirsson/metaconfig-core_2.13/0.12.0/metaconfig-core_2.13-0.12.0.pom
Downloaded https://repo1.maven.org/maven2/com/geirsson/metaconfig-core_2.13/0.12.0/metaconfig-core_2.13-0.12.0.pom
Downloaded https://repo1.maven.org/maven2/org/scala-lang/scala-library/2.13.12/scala-library-2.13.12.pom
Downloaded https://repo1.maven.org/maven2/com/geirsson/metaconfig-typesafe-config_2.13/0.12.0/metaconfig-typesafe-config_2.13-0.12.0.pom
Downloaded https://repo1.maven.org/maven2/org/scalameta/parsers_2.13/4.8.12/parsers_2.13-4.8.12.pom
Downloading https://repo1.maven.org/maven2/com/typesafe/config/1.4.1/config-1.4.1.pom
Downloading https://repo1.maven.org/maven2/org/typelevel/paiges-core_2.13/0.4.3/paiges-core_2.13-0.4.3.pom
Downloading https://repo1.maven.org/maven2/org/scala-lang/modules/scala-collection-compat_2.13/2.11.0/scala-collection-compat_2.13-2.11.0.pom
Downloading https://repo1.maven.org/maven2/com/geirsson/metaconfig-pprint_2.13/0.12.0/metaconfig-pprint_2.13-0.12.0.pom
Downloading https://repo1.maven.org/maven2/org/scala-lang/scala-compiler/2.13.12/scala-compiler-2.13.12.pom
Downloading https://repo1.maven.org/maven2/org/scalameta/trees_2.13/4.8.12/trees_2.13-4.8.12.pom
Downloaded https://repo1.maven.org/maven2/org/scalameta/trees_2.13/4.8.12/trees_2.13-4.8.12.pom
Downloaded https://repo1.maven.org/maven2/com/geirsson/metaconfig-pprint_2.13/0.12.0/metaconfig-pprint_2.13-0.12.0.pom
Downloaded https://repo1.maven.org/maven2/org/scala-lang/scala-compiler/2.13.12/scala-compiler-2.13.12.pom
Downloaded https://repo1.maven.org/maven2/com/typesafe/config/1.4.1/config-1.4.1.pom
Downloaded https://repo1.maven.org/maven2/org/typelevel/paiges-core_2.13/0.4.3/paiges-core_2.13-0.4.3.pom
Downloaded https://repo1.maven.org/maven2/org/scala-lang/modules/scala-collection-compat_2.13/2.11.0/scala-collection-compat_2.13-2.11.0.pom
Downloading https://repo1.maven.org/maven2/org/jline/jline/3.22.0/jline-3.22.0.pom
Downloading https://repo1.maven.org/maven2/org/scalameta/common_2.13/4.8.12/common_2.13-4.8.12.pom
Downloading https://repo1.maven.org/maven2/net/java/dev/jna/jna/5.13.0/jna-5.13.0.pom
Downloading https://repo1.maven.org/maven2/io/github/java-diff-utils/java-diff-utils/4.12/java-diff-utils-4.12.pom
Downloading https://repo1.maven.org/maven2/org/scala-lang/scala-reflect/2.13.12/scala-reflect-2.13.12.pom
Downloading https://repo1.maven.org/maven2/com/lihaoyi/fansi_2.13/0.4.0/fansi_2.13-0.4.0.pom
Downloaded https://repo1.maven.org/maven2/io/github/java-diff-utils/java-diff-utils/4.12/java-diff-utils-4.12.pom
Downloaded https://repo1.maven.org/maven2/com/lihaoyi/fansi_2.13/0.4.0/fansi_2.13-0.4.0.pom
Downloaded https://repo1.maven.org/maven2/org/scalameta/common_2.13/4.8.12/common_2.13-4.8.12.pom
Downloaded https://repo1.maven.org/maven2/net/java/dev/jna/jna/5.13.0/jna-5.13.0.pom
Downloaded https://repo1.maven.org/maven2/org/jline/jline/3.22.0/jline-3.22.0.pom
Downloaded https://repo1.maven.org/maven2/org/scala-lang/scala-reflect/2.13.12/scala-reflect-2.13.12.pom
Downloading https://repo1.maven.org/maven2/io/github/java-diff-utils/java-diff-utils-parent/4.12/java-diff-utils-parent-4.12.pom
Downloading https://repo1.maven.org/maven2/org/jline/jline-parent/3.22.0/jline-parent-3.22.0.pom
Downloaded https://repo1.maven.org/maven2/io/github/java-diff-utils/java-diff-utils-parent/4.12/java-diff-utils-parent-4.12.pom
Downloaded https://repo1.maven.org/maven2/org/jline/jline-parent/3.22.0/jline-parent-3.22.0.pom
Downloading https://repo1.maven.org/maven2/com/lihaoyi/sourcecode_2.13/0.3.1/sourcecode_2.13-0.3.1.pom
Downloaded https://repo1.maven.org/maven2/com/lihaoyi/sourcecode_2.13/0.3.1/sourcecode_2.13-0.3.1.pom
2025.01.24 12:45:49 INFO  no build target found for C:\Users\aadarsh\Documents\project\Big Data Training\SparkWithScala-By-Phillip-Brunenberg\SwS-Course\src\main\scala\Main.scala. Using presentation compiler with project's scala-library version: 3.3.4
2025.01.24 12:45:53 INFO  Shutting down server
2025.01.24 12:45:53 INFO  shutting down Metals
2025.01.24 12:45:53 INFO  Exiting server
2025.01.24 12:45:53 ERROR Unexpected error initializing server: 
org.eclipse.lsp4j.jsonrpc.ResponseErrorException: Request window/showMessageRequest failed with message: Canceled
	at org.eclipse.lsp4j.jsonrpc.RemoteEndpoint.handleResponse(RemoteEndpoint.java:220)
	at org.eclipse.lsp4j.jsonrpc.RemoteEndpoint.consume(RemoteEndpoint.java:204)
	at org.eclipse.lsp4j.jsonrpc.json.StreamMessageProducer.handleMessage(StreamMessageProducer.java:185)
	at org.eclipse.lsp4j.jsonrpc.json.StreamMessageProducer.listen(StreamMessageProducer.java:97)
	at org.eclipse.lsp4j.jsonrpc.json.ConcurrentMessageProcessor.run(ConcurrentMessageProcessor.java:114)
	at java.util.concurrent.Executors$RunnableAdapter.call(Executors.java:539)
	at java.util.concurrent.FutureTask.run(FutureTask.java:264)
	at java.util.concurrent.ThreadPoolExecutor.runWorker(ThreadPoolExecutor.java:1136)
	at java.util.concurrent.ThreadPoolExecutor$Worker.run(ThreadPoolExecutor.java:635)
	at java.lang.Thread.run(Thread.java:842)

